{"numFailedTestSuites":0,"numFailedTests":0,"numPassedTestSuites":1,"numPassedTests":1,"numPendingTestSuites":0,"numPendingTests":0,"numRuntimeErrorTestSuites":0,"numTodoTests":0,"numTotalTestSuites":1,"numTotalTests":1,"openHandles":[],"snapshot":{"added":0,"didUpdate":false,"failure":false,"filesAdded":0,"filesRemoved":0,"filesRemovedList":[],"filesUnmatched":0,"filesUpdated":0,"matched":0,"total":0,"unchecked":0,"uncheckedKeysByFile":[],"unmatched":0,"updated":0},"startTime":1630093715615,"success":true,"testResults":[{"assertionResults":[{"ancestorTitles":["Test Component"],"failureMessages":[],"fullName":"Test Component should render Default text correctly","location":null,"status":"passed","title":"should render Default text correctly"}],"endTime":1630093719011,"message":"","name":"C:\\Users\\Emil\\Desktop\\Findnlink\\findnlink-design\\src\\Button\\Button.test.tsx","startTime":1630093716569,"status":"passed","summary":""}],"wasInterrupted":false}