{"numFailedTestSuites":0,"numFailedTests":0,"numPassedTestSuites":2,"numPassedTests":3,"numPendingTestSuites":0,"numPendingTests":0,"numRuntimeErrorTestSuites":0,"numTodoTests":0,"numTotalTestSuites":2,"numTotalTests":3,"openHandles":[],"snapshot":{"added":0,"didUpdate":false,"failure":false,"filesAdded":0,"filesRemoved":0,"filesRemovedList":[],"filesUnmatched":0,"filesUpdated":0,"matched":0,"total":0,"unchecked":0,"uncheckedKeysByFile":[],"unmatched":0,"updated":0},"startTime":1630512562700,"success":true,"testResults":[{"assertionResults":[{"ancestorTitles":["Button Component"],"failureMessages":[],"fullName":"Button Component should render Default text correctly","location":null,"status":"passed","title":"should render Default text correctly"},{"ancestorTitles":["Button Component"],"failureMessages":[],"fullName":"Button Component should handle onClick event correctly","location":null,"status":"passed","title":"should handle onClick event correctly"}],"endTime":1630512571425,"message":"","name":"C:\\Users\\Emil\\Desktop\\Findnlink\\findnlink-design\\src\\Button\\Button.test.tsx","startTime":1630512567545,"status":"passed","summary":""},{"assertionResults":[{"ancestorTitles":["Input Component"],"failureMessages":[],"fullName":"Input Component ","location":null,"status":"passed","title":""}],"endTime":1630512574564,"message":"","name":"C:\\Users\\Emil\\Desktop\\Findnlink\\findnlink-design\\src\\Input\\Input.test.tsx","startTime":1630512567544,"status":"passed","summary":""}],"wasInterrupted":false}